#
# There is insufficient memory for the Java Runtime Environment to continue.
# Native memory allocation (malloc) failed to allocate 3008 bytes for AllocateHeap
# Possible reasons:
#   The system is out of physical RAM or swap space
#   The process is running with CompressedOops enabled, and the Java Heap may be blocking the growth of the native heap
# Possible solutions:
#   Reduce memory load on the system
#   Increase physical memory or swap space
#   Check if swap backing store is full
#   Decrease Java heap size (-Xmx/-Xms)
#   Decrease number of Java threads
#   Decrease Java thread stack sizes (-Xss)
#   Set larger code cache with -XX:ReservedCodeCacheSize=
#   JVM is running with Zero Based Compressed Oops mode in which the Java heap is
#     placed in the first 32GB address space. The Java Heap base address is the
#     maximum limit for the native heap growth. Please use -XX:HeapBaseMinAddress
#     to set the Java Heap base and to place the Java Heap above 32GB virtual address.
# This output file may be truncated or incomplete.
#
#  Out of Memory Error (memory/allocation.inline.hpp:61), pid=16692, tid=0x0000000000001748
#
# JRE version: Java(TM) SE Runtime Environment (8.0_221-b11) (build 1.8.0_221-b11)
# Java VM: Java HotSpot(TM) 64-Bit Server VM (25.221-b11 mixed mode windows-amd64 compressed oops)
# Failed to write core dump. Minidumps are not enabled by default on client versions of Windows
#

---------------  T H R E A D  ---------------

Current thread (0x00000000032a3000):  JavaThread "DestroyJavaVM" [_thread_in_vm, id=5960, stack(0x0000000002fb0000,0x00000000030b0000)]

Stack: [0x0000000002fb0000,0x00000000030b0000]
[error occurred during error reporting (printing stack bounds), id 0xc0000005]

Native frames: (J=compiled Java code, j=interpreted, Vv=VM code, C=native code)

Java frames: (J=compiled Java code, j=interpreted, Vv=VM code)
j  java.lang.Thread.start0()V+0
j  java.lang.Thread.start()V+26
j  java.lang.ApplicationShutdownHooks.runHooks()V+53
j  java.lang.ApplicationShutdownHooks$1.run()V+0
j  java.lang.Shutdown.runHooks()V+39
j  java.lang.Shutdown.sequence()V+26
j  java.lang.Shutdown.shutdown()V+58
v  ~StubRoutines::call_stub

---------------  P R O C E S S  ---------------

Java Threads: ( => current thread )
=>0x00000000032a3000 JavaThread "DestroyJavaVM" [_thread_in_vm, id=5960, stack(0x0000000002fb0000,0x00000000030b0000)]
  0x00000000341c0800 JavaThread "Java2D Disposer" daemon [_thread_blocked, id=7508, stack(0x0000000034a00000,0x0000000034b00000)]
  0x0000000027da6000 JavaThread "Service Thread" daemon [_thread_blocked, id=24572, stack(0x00000000297a0000,0x00000000298a0000)]
  0x0000000027d0f800 JavaThread "C1 CompilerThread3" daemon [_thread_blocked, id=22516, stack(0x00000000296a0000,0x00000000297a0000)]
  0x0000000027d0f000 JavaThread "C2 CompilerThread2" daemon [_thread_blocked, id=10064, stack(0x00000000295a0000,0x00000000296a0000)]
  0x0000000027d0e000 JavaThread "C2 CompilerThread1" daemon [_thread_blocked, id=22804, stack(0x00000000294a0000,0x00000000295a0000)]
  0x0000000027d0b800 JavaThread "C2 CompilerThread0" daemon [_thread_blocked, id=8936, stack(0x00000000293a0000,0x00000000294a0000)]
  0x0000000027d06800 JavaThread "Monitor Ctrl-Break" daemon [_thread_in_native, id=12976, stack(0x00000000292a0000,0x00000000293a0000)]
  0x0000000027c5e000 JavaThread "Attach Listener" daemon [_thread_blocked, id=24140, stack(0x00000000291a0000,0x00000000292a0000)]
  0x0000000027c5c800 JavaThread "Signal Dispatcher" daemon [_thread_blocked, id=23316, stack(0x00000000290a0000,0x00000000291a0000)]
  0x0000000026582800 JavaThread "Finalizer" daemon [_thread_blocked, id=1168, stack(0x0000000028ea0000,0x0000000028fa0000)]
  0x0000000027c43000 JavaThread "Reference Handler" daemon [_thread_blocked, id=19820, stack(0x0000000028da0000,0x0000000028ea0000)]

Other Threads:
  0x0000000027c22800 VMThread [stack: 0x0000000028ca0000,0x0000000028da0000] [id=18184]
  0x0000000027ca6800 WatcherThread [stack: 0x00000000298a0000,0x00000000299a0000] [id=23548]

VM state:not at safepoint (normal execution)

VM Mutex/Monitor currently owned by a thread:  ([mutex/lock_event])
[0x0000000002fae030] Threads_lock - owner thread: 0x00000000032a3000

OutOfMemory and StackOverflow Exception counts:
OutOfMemoryError java_heap_errors=1

heap address: 0x00000005c1000000, size: 8176 MB, Compressed Oops mode: Zero based, Oop shift amount: 3
Narrow klass base: 0x0000000000000000, Narrow klass shift: 3
Compressed class space size: 1073741824 Address: 0x00000007c0000000

Heap:
 PSYoungGen      total 534528K, used 523849K [0x0000000715b00000, 0x0000000737700000, 0x00000007c0000000)
  eden space 523776K, 97% used [0x0000000715b00000,0x00000007350126c8,0x0000000735a80000)
  from space 10752K, 100% used [0x0000000736780000,0x0000000737200000,0x0000000737200000)
  to   space 13312K, 0% used [0x0000000735a80000,0x0000000735a80000,0x0000000736780000)
 ParOldGen       total 349696K, used 97902K [0x00000005c1000000, 0x00000005d6580000, 0x0000000715b00000)
  object space 349696K, 27% used [0x00000005c1000000,0x00000005c6f9ba40,0x00000005d6580000)
 Metaspace       used 7609K, capacity 7783K, committed 8064K, reserved 1056768K
  class space    used 746K, capacity 794K, committed 896K, reserved 1048576K

Card table byte_map: [0x0000000012760000,0x0000000013760000] byte_map_base: 0x000000000f958000

Marking Bits: (ParMarkBitMap*) 0x000000005dc85ce0
 Begin Bits: [0x0000000014c10000, 0x000000001cbd0000)
 End Bits:   [0x000000001cbd0000, 0x0000000024b90000)

Polling page: 0x0000000001010000

CodeCache: size=245760Kb used=3779Kb max_used=3792Kb free=241980Kb
 bounds [0x00000000033a0000, 0x0000000003760000, 0x00000000123a0000]
 total_blobs=1340 nmethods=905 adapters=348
 compilation: enabled

Compilation events (10 events):
Event: 13.468 Thread 0x0000000027d0e000  901       4       org.lwjgl.opengl.WindowsDisplay::handleMessage (29 bytes)
Event: 13.468 Thread 0x0000000027d0e000 nmethod 901 0x000000000374a950 code [0x000000000374aaa0, 0x000000000374ab48]
Event: 13.547 Thread 0x0000000027d0f000  902       4       org.lwjgl.opengl.WindowsDisplay$Rect::copyFromBuffer (37 bytes)
Event: 13.548 Thread 0x0000000027d0f000 nmethod 902 0x000000000374a510 code [0x000000000374a660, 0x000000000374a778]
Event: 13.661 Thread 0x0000000027d0b800  903 % !   4       com.base.engine.core.CoreEngine::run @ 64 (206 bytes)
Event: 13.665 Thread 0x0000000027d0e000  904       4       java.nio.Buffer::nextPutIndex (38 bytes)
Event: 13.665 Thread 0x0000000027d0e000 nmethod 904 0x000000000374a2d0 code [0x000000000374a400, 0x000000000374a498]
Event: 13.668 Thread 0x0000000027d0b800 nmethod 903% 0x000000000374b190 code [0x000000000374b440, 0x000000000374c4c8]
Event: 13.795 Thread 0x0000000027d0f000  905       4       org.lwjgl.opengl.WindowsDisplay::doHandleMessage (970 bytes)
Event: 13.820 Thread 0x0000000027d0f000 nmethod 905 0x0000000003752250 code [0x00000000037527e0, 0x00000000037550c0]

GC Heap History (10 events):
Event: 8.461 GC heap before
{Heap before GC invocations=8 (full 0):
 PSYoungGen      total 537088K, used 537088K [0x0000000715b00000, 0x0000000737700000, 0x00000007c0000000)
  eden space 523776K, 100% used [0x0000000715b00000,0x0000000735a80000,0x0000000735a80000)
  from space 13312K, 100% used [0x0000000735a80000,0x0000000736780000,0x0000000736780000)
  to   space 10752K, 0% used [0x0000000736780000,0x0000000736780000,0x0000000737200000)
 ParOldGen       total 349696K, used 16494K [0x00000005c1000000, 0x00000005d6580000, 0x0000000715b00000)
  object space 349696K, 4% used [0x00000005c1000000,0x00000005c201ba40,0x00000005d6580000)
 Metaspace       used 7584K, capacity 7719K, committed 8064K, reserved 1056768K
  class space    used 742K, capacity 794K, committed 896K, reserved 1048576K
Event: 8.522 GC heap after
Heap after GC invocations=8 (full 0):
 PSYoungGen      total 534528K, used 10752K [0x0000000715b00000, 0x0000000737700000, 0x00000007c0000000)
  eden space 523776K, 0% used [0x0000000715b00000,0x0000000715b00000,0x0000000735a80000)
  from space 10752K, 100% used [0x0000000736780000,0x0000000737200000,0x0000000737200000)
  to   space 13312K, 0% used [0x0000000735a80000,0x0000000735a80000,0x0000000736780000)
 ParOldGen       total 349696K, used 34774K [0x00000005c1000000, 0x00000005d6580000, 0x0000000715b00000)
  object space 349696K, 9% used [0x00000005c1000000,0x00000005c31f5a40,0x00000005d6580000)
 Metaspace       used 7584K, capacity 7719K, committed 8064K, reserved 1056768K
  class space    used 742K, capacity 794K, committed 896K, reserved 1048576K
}
Event: 9.822 GC heap before
{Heap before GC invocations=9 (full 0):
 PSYoungGen      total 534528K, used 534528K [0x0000000715b00000, 0x0000000737700000, 0x00000007c0000000)
  eden space 523776K, 100% used [0x0000000715b00000,0x0000000735a80000,0x0000000735a80000)
  from space 10752K, 100% used [0x0000000736780000,0x0000000737200000,0x0000000737200000)
  to   space 13312K, 0% used [0x0000000735a80000,0x0000000735a80000,0x0000000736780000)
 ParOldGen       total 349696K, used 34774K [0x00000005c1000000, 0x00000005d6580000, 0x0000000715b00000)
  object space 349696K, 9% used [0x00000005c1000000,0x00000005c31f5a40,0x00000005d6580000)
 Metaspace       used 7587K, capacity 7719K, committed 8064K, reserved 1056768K
  class space    used 742K, capacity 794K, committed 896K, reserved 1048576K
Event: 9.882 GC heap after
Heap after GC invocations=9 (full 0):
 PSYoungGen      total 537088K, used 13312K [0x0000000715b00000, 0x0000000737700000, 0x00000007c0000000)
  eden space 523776K, 0% used [0x0000000715b00000,0x0000000715b00000,0x0000000735a80000)
  from space 13312K, 100% used [0x0000000735a80000,0x0000000736780000,0x0000000736780000)
  to   space 10752K, 0% used [0x0000000736780000,0x0000000736780000,0x0000000737200000)
 ParOldGen       total 349696K, used 48286K [0x00000005c1000000, 0x00000005d6580000, 0x0000000715b00000)
  object space 349696K, 13% used [0x00000005c1000000,0x00000005c3f27a40,0x00000005d6580000)
 Metaspace       used 7587K, capacity 7719K, committed 8064K, reserved 1056768K
  class space    used 742K, capacity 794K, committed 896K, reserved 1048576K
}
Event: 11.128 GC heap before
{Heap before GC invocations=10 (full 0):
 PSYoungGen      total 537088K, used 537088K [0x0000000715b00000, 0x0000000737700000, 0x00000007c0000000)
  eden space 523776K, 100% used [0x0000000715b00000,0x0000000735a80000,0x0000000735a80000)
  from space 13312K, 100% used [0x0000000735a80000,0x0000000736780000,0x0000000736780000)
  to   space 10752K, 0% used [0x0000000736780000,0x0000000736780000,0x0000000737200000)
 ParOldGen       total 349696K, used 48286K [0x00000005c1000000, 0x00000005d6580000, 0x0000000715b00000)
  object space 349696K, 13% used [0x00000005c1000000,0x00000005c3f27a40,0x00000005d6580000)
 Metaspace       used 7587K, capacity 7719K, committed 8064K, reserved 1056768K
  class space    used 742K, capacity 794K, committed 896K, reserved 1048576K
Event: 11.190 GC heap after
Heap after GC invocations=10 (full 0):
 PSYoungGen      total 534528K, used 10752K [0x0000000715b00000, 0x0000000737700000, 0x00000007c0000000)
  eden space 523776K, 0% used [0x0000000715b00000,0x0000000715b00000,0x0000000735a80000)
  from space 10752K, 100% used [0x0000000736780000,0x0000000737200000,0x0000000737200000)
  to   space 13312K, 0% used [0x0000000735a80000,0x0000000735a80000,0x0000000736780000)
 ParOldGen       total 349696K, used 66566K [0x00000005c1000000, 0x00000005d6580000, 0x0000000715b00000)
  object space 349696K, 19% used [0x00000005c1000000,0x00000005c5101a40,0x00000005d6580000)
 Metaspace       used 7587K, capacity 7719K, committed 8064K, reserved 1056768K
  class space    used 742K, capacity 794K, committed 896K, reserved 1048576K
}
Event: 12.546 GC heap before
{Heap before GC invocations=11 (full 0):
 PSYoungGen      total 534528K, used 534528K [0x0000000715b00000, 0x0000000737700000, 0x00000007c0000000)
  eden space 523776K, 100% used [0x0000000715b00000,0x0000000735a80000,0x0000000735a80000)
  from space 10752K, 100% used [0x0000000736780000,0x0000000737200000,0x0000000737200000)
  to   space 13312K, 0% used [0x0000000735a80000,0x0000000735a80000,0x0000000736780000)
 ParOldGen       total 349696K, used 66566K [0x00000005c1000000, 0x00000005d6580000, 0x0000000715b00000)
  object space 349696K, 19% used [0x00000005c1000000,0x00000005c5101a40,0x00000005d6580000)
 Metaspace       used 7591K, capacity 7719K, committed 8064K, reserved 1056768K
  class space    used 742K, capacity 794K, committed 896K, reserved 1048576K
Event: 12.608 GC heap after
Heap after GC invocations=11 (full 0):
 PSYoungGen      total 537088K, used 13312K [0x0000000715b00000, 0x0000000737700000, 0x00000007c0000000)
  eden space 523776K, 0% used [0x0000000715b00000,0x0000000715b00000,0x0000000735a80000)
  from space 13312K, 100% used [0x0000000735a80000,0x0000000736780000,0x0000000736780000)
  to   space 10752K, 0% used [0x0000000736780000,0x0000000736780000,0x0000000737200000)
 ParOldGen       total 349696K, used 79854K [0x00000005c1000000, 0x00000005d6580000, 0x0000000715b00000)
  object space 349696K, 22% used [0x00000005c1000000,0x00000005c5dfba40,0x00000005d6580000)
 Metaspace       used 7591K, capacity 7719K, committed 8064K, reserved 1056768K
  class space    used 742K, capacity 794K, committed 896K, reserved 1048576K
}
Event: 14.073 GC heap before
{Heap before GC invocations=12 (full 0):
 PSYoungGen      total 537088K, used 537088K [0x0000000715b00000, 0x0000000737700000, 0x00000007c0000000)
  eden space 523776K, 100% used [0x0000000715b00000,0x0000000735a80000,0x0000000735a80000)
  from space 13312K, 100% used [0x0000000735a80000,0x0000000736780000,0x0000000736780000)
  to   space 10752K, 0% used [0x0000000736780000,0x0000000736780000,0x0000000737200000)
 ParOldGen       total 349696K, used 79854K [0x00000005c1000000, 0x00000005d6580000, 0x0000000715b00000)
  object space 349696K, 22% used [0x00000005c1000000,0x00000005c5dfba40,0x00000005d6580000)
 Metaspace       used 7591K, capacity 7719K, committed 8064K, reserved 1056768K
  class space    used 742K, capacity 794K, committed 896K, reserved 1048576K
Event: 14.133 GC heap after
Heap after GC invocations=12 (full 0):
 PSYoungGen      total 534528K, used 10752K [0x0000000715b00000, 0x0000000737700000, 0x00000007c0000000)
  eden space 523776K, 0% used [0x0000000715b00000,0x0000000715b00000,0x0000000735a80000)
  from space 10752K, 100% used [0x0000000736780000,0x0000000737200000,0x0000000737200000)
  to   space 13312K, 0% used [0x0000000735a80000,0x0000000735a80000,0x0000000736780000)
 ParOldGen       total 349696K, used 97902K [0x00000005c1000000, 0x00000005d6580000, 0x0000000715b00000)
  object space 349696K, 27% used [0x00000005c1000000,0x00000005c6f9ba40,0x00000005d6580000)
 Metaspace       used 7591K, capacity 7719K, committed 8064K, reserved 1056768K
  class space    used 742K, capacity 794K, committed 896K, reserved 1048576K
}

Deoptimization events (10 events):
Event: 1.830 Thread 0x0000000027c43000 Uncommon trap: reason=class_check action=maybe_recompile pc=0x00000000036eb164 method=java.lang.ref.Reference.tryHandlePending(Z)Z @ 17
Event: 1.830 Thread 0x0000000027c43000 Uncommon trap: reason=class_check action=maybe_recompile pc=0x00000000036eb164 method=java.lang.ref.Reference.tryHandlePending(Z)Z @ 17
Event: 1.831 Thread 0x0000000027c43000 Uncommon trap: reason=class_check action=maybe_recompile pc=0x00000000036eb164 method=java.lang.ref.Reference.tryHandlePending(Z)Z @ 17
Event: 1.831 Thread 0x0000000027c43000 Uncommon trap: reason=class_check action=maybe_recompile pc=0x00000000036eb164 method=java.lang.ref.Reference.tryHandlePending(Z)Z @ 17
Event: 3.100 Thread 0x0000000027c43000 Uncommon trap: reason=unstable_if action=reinterpret pc=0x00000000036f144c method=java.lang.ref.Reference.tryHandlePending(Z)Z @ 9
Event: 3.509 Thread 0x00000000032a3000 Uncommon trap: reason=unstable_if action=reinterpret pc=0x00000000036f94c4 method=com.base.engine.rendering.Camera.input(F)V @ 100
Event: 3.509 Thread 0x00000000032a3000 Uncommon trap: reason=unstable_if action=reinterpret pc=0x00000000036fc5c8 method=com.base.engine.rendering.Camera.input(F)V @ 100
Event: 4.571 Thread 0x00000000032a3000 Uncommon trap: reason=unstable_if action=reinterpret pc=0x0000000003722fc0 method=org.lwjgl.opengl.WindowsDisplay.update()V @ 7
Event: 4.573 Thread 0x00000000032a3000 Uncommon trap: reason=unstable_if action=reinterpret pc=0x0000000003710304 method=org.lwjgl.opengl.WindowsDisplay.update()V @ 7
Event: 6.190 Thread 0x00000000032a3000 Uncommon trap: reason=unstable_if action=reinterpret pc=0x000000000372ed60 method=org.lwjgl.opengl.WindowsDisplay.update()V @ 40

Classes redefined (0 events):
No events

Internal exceptions (10 events):
Event: 0.026 Thread 0x00000000032a3000 Exception <a 'java/lang/NoSuchMethodError': Method sun.misc.Unsafe.prefetchRead(Ljava/lang/Object;J)V name or signature does not match> (0x0000000715b07fa0) thrown at [C:\re\workspace\8-2-build-windows-amd64-cygwin\jdk8u221\13320\hotspot\src\share\vm\prim
Event: 0.600 Thread 0x00000000032a3000 Exception <a 'java/security/PrivilegedActionException'> (0x0000000716659720) thrown at [C:\re\workspace\8-2-build-windows-amd64-cygwin\jdk8u221\13320\hotspot\src\share\vm\prims\jvm.cpp, line 1502]
Event: 0.600 Thread 0x00000000032a3000 Exception <a 'java/security/PrivilegedActionException'> (0x0000000716659b18) thrown at [C:\re\workspace\8-2-build-windows-amd64-cygwin\jdk8u221\13320\hotspot\src\share\vm\prims\jvm.cpp, line 1502]
Event: 0.600 Thread 0x00000000032a3000 Exception <a 'java/security/PrivilegedActionException'> (0x000000071665de98) thrown at [C:\re\workspace\8-2-build-windows-amd64-cygwin\jdk8u221\13320\hotspot\src\share\vm\prims\jvm.cpp, line 1502]
Event: 0.600 Thread 0x00000000032a3000 Exception <a 'java/security/PrivilegedActionException'> (0x000000071665e290) thrown at [C:\re\workspace\8-2-build-windows-amd64-cygwin\jdk8u221\13320\hotspot\src\share\vm\prims\jvm.cpp, line 1502]
Event: 0.602 Thread 0x00000000032a3000 Exception <a 'java/io/FileNotFoundException'> (0x0000000716665c38) thrown at [C:\re\workspace\8-2-build-windows-amd64-cygwin\jdk8u221\13320\hotspot\src\share\vm\prims\jni.cpp, line 710]
Event: 0.622 Thread 0x00000000032a3000 Exception <a 'java/lang/NoSuchFieldError': method resolution failed> (0x00000007167971f8) thrown at [C:\re\workspace\8-2-build-windows-amd64-cygwin\jdk8u221\13320\hotspot\src\share\vm\prims\methodHandles.cpp, line 1167]
Event: 0.623 Thread 0x00000000032a3000 Exception <a 'java/lang/NoSuchFieldError': method resolution failed> (0x00000007167a51b8) thrown at [C:\re\workspace\8-2-build-windows-amd64-cygwin\jdk8u221\13320\hotspot\src\share\vm\prims\methodHandles.cpp, line 1167]
Event: 3.100 Thread 0x0000000027c43000 Implicit null exception at 0x00000000036f0a77 to 0x00000000036f143d
Event: 15.584 Thread 0x00000000032a3000 Exception <a 'java/lang/OutOfMemoryError'> (0x00000007341f1640) thrown at [C:\re\workspace\8-2-build-windows-amd64-cygwin\jdk8u221\13320\hotspot\src\share\vm\prims\unsafe.cpp, line 618]

Events (10 events):
Event: 15.584 loading class java/lang/Throwable$PrintStreamOrWriter done
Event: 15.584 loading class java/lang/Throwable$WrappedPrintStream done
Event: 15.584 loading class java/util/IdentityHashMap$KeySet
Event: 15.584 loading class java/util/IdentityHashMap$KeySet done
Event: 15.585 Thread 0x00000000032a3000 Thread exited: 0x00000000032a3000
Event: 15.585 Thread 0x00000000032a3000 Thread added: 0x00000000032a3000
Event: 15.585 loading class java/util/IdentityHashMap$KeyIterator
Event: 15.585 loading class java/util/IdentityHashMap$IdentityHashMapIterator
Event: 15.585 loading class java/util/IdentityHashMap$IdentityHashMapIterator done
Event: 15.585 loading class java/util/IdentityHashMap$KeyIterator done


Dynamic libraries:
0x00007ff61cb70000 - 0x00007ff61cba7000 	C:\Program Files\Java\jdk1.8.0_221\bin\java.exe
0x00007ffeca8c0000 - 0x00007ffecaab0000 	C:\WINDOWS\SYSTEM32\ntdll.dll
0x00007ffec9a40000 - 0x00007ffec9af2000 	C:\WINDOWS\System32\KERNEL32.DLL
0x00007ffec8220000 - 0x00007ffec84c3000 	C:\WINDOWS\System32\KERNELBASE.dll
0x00007ffec9bb0000 - 0x00007ffec9c53000 	C:\WINDOWS\System32\ADVAPI32.dll
0x00007ffec89d0000 - 0x00007ffec8a6e000 	C:\WINDOWS\System32\msvcrt.dll
0x00007ffec9650000 - 0x00007ffec96e7000 	C:\WINDOWS\System32\sechost.dll
0x00007ffec8df0000 - 0x00007ffec8f10000 	C:\WINDOWS\System32\RPCRT4.dll
0x00007ffec9e10000 - 0x00007ffec9fa4000 	C:\WINDOWS\System32\USER32.dll
0x00007ffec7850000 - 0x00007ffec7871000 	C:\WINDOWS\System32\win32u.dll
0x00007ffec9600000 - 0x00007ffec9626000 	C:\WINDOWS\System32\GDI32.dll
0x00007ffec8000000 - 0x00007ffec8194000 	C:\WINDOWS\System32\gdi32full.dll
0x00007ffec88d0000 - 0x00007ffec896e000 	C:\WINDOWS\System32\msvcp_win.dll
0x00007ffec84d0000 - 0x00007ffec85ca000 	C:\WINDOWS\System32\ucrtbase.dll
0x00007ffeb7730000 - 0x00007ffeb79b5000 	C:\WINDOWS\WinSxS\amd64_microsoft.windows.common-controls_6595b64144ccf1df_6.0.18362.535_none_e6c3b34713100821\COMCTL32.dll
0x00007ffeca540000 - 0x00007ffeca876000 	C:\WINDOWS\System32\combase.dll
0x00007ffec81a0000 - 0x00007ffec8220000 	C:\WINDOWS\System32\bcryptPrimitives.dll
0x00007ffeca0a0000 - 0x00007ffeca0ce000 	C:\WINDOWS\System32\IMM32.DLL
0x000000005e1d0000 - 0x000000005e2a2000 	C:\Program Files\Java\jdk1.8.0_221\jre\bin\msvcr100.dll
0x000000005d460000 - 0x000000005dd05000 	C:\Program Files\Java\jdk1.8.0_221\jre\bin\server\jvm.dll
0x00007ffec9830000 - 0x00007ffec9838000 	C:\WINDOWS\System32\PSAPI.DLL
0x00007ffebf880000 - 0x00007ffebf889000 	C:\WINDOWS\SYSTEM32\WSOCK32.dll
0x00007ffec4fe0000 - 0x00007ffec4fea000 	C:\WINDOWS\SYSTEM32\VERSION.dll
0x00007ffec40e0000 - 0x00007ffec4104000 	C:\WINDOWS\SYSTEM32\WINMM.dll
0x00007ffec9c60000 - 0x00007ffec9ccf000 	C:\WINDOWS\System32\WS2_32.dll
0x00007ffec4030000 - 0x00007ffec405d000 	C:\WINDOWS\SYSTEM32\winmmbase.dll
0x00007ffec8880000 - 0x00007ffec88ca000 	C:\WINDOWS\System32\cfgmgr32.dll
0x00007ffeb40e0000 - 0x00007ffeb40ef000 	C:\Program Files\Java\jdk1.8.0_221\jre\bin\verify.dll
0x00007ffe99550000 - 0x00007ffe99579000 	C:\Program Files\Java\jdk1.8.0_221\jre\bin\java.dll
0x00007ffeaf080000 - 0x00007ffeaf0a3000 	C:\Program Files\Java\jdk1.8.0_221\jre\bin\instrument.dll
0x00007ffea3db0000 - 0x00007ffea3dc6000 	C:\Program Files\Java\jdk1.8.0_221\jre\bin\zip.dll
0x00007ffec8f10000 - 0x00007ffec95f5000 	C:\WINDOWS\System32\SHELL32.dll
0x00007ffec9b00000 - 0x00007ffec9ba9000 	C:\WINDOWS\System32\shcore.dll
0x00007ffec7880000 - 0x00007ffec7fff000 	C:\WINDOWS\System32\windows.storage.dll
0x00007ffec77a0000 - 0x00007ffec77bf000 	C:\WINDOWS\System32\profapi.dll
0x00007ffec77e0000 - 0x00007ffec782a000 	C:\WINDOWS\System32\powrprof.dll
0x00007ffec7790000 - 0x00007ffec77a0000 	C:\WINDOWS\System32\UMPDC.dll
0x00007ffec9700000 - 0x00007ffec9752000 	C:\WINDOWS\System32\shlwapi.dll
0x00007ffec7830000 - 0x00007ffec7841000 	C:\WINDOWS\System32\kernel.appcore.dll
0x00007ffec85d0000 - 0x00007ffec85e7000 	C:\WINDOWS\System32\cryptsp.dll
0x00007ffeb2dc0000 - 0x00007ffeb2dda000 	C:\Program Files\JetBrains\IntelliJ IDEA 2019.2.3\bin\breakgen64.dll
0x00007ffe98e10000 - 0x00007ffe98e2a000 	C:\Program Files\Java\jdk1.8.0_221\jre\bin\net.dll
0x00007ffeb6470000 - 0x00007ffeb6646000 	C:\WINDOWS\SYSTEM32\urlmon.dll
0x00007ffeb73c0000 - 0x00007ffeb7666000 	C:\WINDOWS\SYSTEM32\iertutil.dll
0x00007ffec7170000 - 0x00007ffec717c000 	C:\WINDOWS\SYSTEM32\CRYPTBASE.DLL
0x00007ffec6fa0000 - 0x00007ffec7007000 	C:\WINDOWS\system32\mswsock.dll
0x0000000180000000 - 0x0000000180053000 	C:\Users\mdeej\IdeaProjects\3DGameEngine\libs\lwjgl64.dll
0x00007ffe932e0000 - 0x00007ffe93436000 	C:\WINDOWS\SYSTEM32\OPENGL32.dll
0x00007ffea3fd0000 - 0x00007ffea3ffc000 	C:\WINDOWS\SYSTEM32\GLU32.dll
0x00007ffec6470000 - 0x00007ffec6490000 	C:\WINDOWS\SYSTEM32\dxcore.dll
0x00007ffebfad0000 - 0x00007ffebfb7e000 	C:\WINDOWS\SYSTEM32\mscms.dll
0x00007ffebfab0000 - 0x00007ffebfac7000 	C:\WINDOWS\SYSTEM32\ColorAdapterClient.dll
0x00007ffec76b0000 - 0x00007ffec76d5000 	C:\WINDOWS\SYSTEM32\USERENV.dll
0x00007ffec9840000 - 0x00007ffec9904000 	C:\WINDOWS\System32\OLEAUT32.dll
0x00007ffec4740000 - 0x00007ffec47d9000 	C:\WINDOWS\system32\uxtheme.dll
0x00007ffec9cd0000 - 0x00007ffec9e05000 	C:\WINDOWS\System32\MSCTF.dll
0x0000000029c30000 - 0x0000000029e86000 	C:\Program Files (x86)\RivaTuner Statistics Server\RTSSHooks64.dll
0x00007ffe63d10000 - 0x00007ffe663e8000 	C:\WINDOWS\System32\DriverStore\FileRepository\nvaki.inf_amd64_bad9df555e868dea\nvoglv64.dll
0x00007ffeca0d0000 - 0x00007ffeca540000 	C:\WINDOWS\System32\SETUPAPI.dll
0x00007ffec87f0000 - 0x00007ffec8816000 	C:\WINDOWS\System32\bcrypt.dll
0x00007ffec8c90000 - 0x00007ffec8de6000 	C:\WINDOWS\System32\ole32.dll
0x00007ffec2e60000 - 0x00007ffec2e73000 	C:\WINDOWS\SYSTEM32\WTSAPI32.dll
0x00007ffec7590000 - 0x00007ffec75ba000 	C:\WINDOWS\SYSTEM32\DEVOBJ.dll
0x00007ffec8820000 - 0x00007ffec887c000 	C:\WINDOWS\System32\WINTRUST.dll
0x00007ffec77c0000 - 0x00007ffec77d2000 	C:\WINDOWS\System32\MSASN1.dll
0x00007ffec85f0000 - 0x00007ffec8739000 	C:\WINDOWS\System32\CRYPT32.dll
0x00007ffec68a0000 - 0x00007ffec68d1000 	C:\WINDOWS\SYSTEM32\ntmarta.dll
0x00007ffec51f0000 - 0x00007ffec521d000 	C:\WINDOWS\SYSTEM32\dwmapi.dll
0x00007ffe8f3f0000 - 0x00007ffe8f6b4000 	C:\WINDOWS\system32\nvspcap64.dll
0x00007ffebcd60000 - 0x00007ffebcdfe000 	C:\WINDOWS\System32\TextInputFramework.dll
0x00007ffec0910000 - 0x00007ffec0c3a000 	C:\WINDOWS\System32\CoreUIComponents.dll
0x00007ffec38f0000 - 0x00007ffec39c4000 	C:\WINDOWS\System32\CoreMessaging.dll
0x00007ffec2750000 - 0x00007ffec28a3000 	C:\WINDOWS\SYSTEM32\wintypes.dll
0x00007ffebff60000 - 0x00007ffebffc5000 	C:\WINDOWS\system32\Oleacc.dll
0x00007ffec0000000 - 0x00007ffec0043000 	C:\WINDOWS\SYSTEM32\icm32.dll
0x00007ffec7200000 - 0x00007ffec725c000 	C:\WINDOWS\SYSTEM32\WINSTA.dll
0x00007ffe9b1c0000 - 0x00007ffe9b359000 	C:\Program Files\Java\jdk1.8.0_221\jre\bin\awt.dll
0x00007ffec4600000 - 0x00007ffec468f000 	C:\WINDOWS\SYSTEM32\apphelp.dll

VM Arguments:
jvm_args: -Djava.library.path=libs/ -javaagent:C:\Program Files\JetBrains\IntelliJ IDEA 2019.2.3\lib\idea_rt.jar=63275:C:\Program Files\JetBrains\IntelliJ IDEA 2019.2.3\bin -Dfile.encoding=UTF-8 
java_command: com.base.game.Main
java_class_path (initial): C:\Program Files\Java\jdk1.8.0_221\jre\lib\charsets.jar;C:\Program Files\Java\jdk1.8.0_221\jre\lib\deploy.jar;C:\Program Files\Java\jdk1.8.0_221\jre\lib\ext\access-bridge-64.jar;C:\Program Files\Java\jdk1.8.0_221\jre\lib\ext\cldrdata.jar;C:\Program Files\Java\jdk1.8.0_221\jre\lib\ext\dnsns.jar;C:\Program Files\Java\jdk1.8.0_221\jre\lib\ext\jaccess.jar;C:\Program Files\Java\jdk1.8.0_221\jre\lib\ext\jfxrt.jar;C:\Program Files\Java\jdk1.8.0_221\jre\lib\ext\localedata.jar;C:\Program Files\Java\jdk1.8.0_221\jre\lib\ext\nashorn.jar;C:\Program Files\Java\jdk1.8.0_221\jre\lib\ext\sunec.jar;C:\Program Files\Java\jdk1.8.0_221\jre\lib\ext\sunjce_provider.jar;C:\Program Files\Java\jdk1.8.0_221\jre\lib\ext\sunmscapi.jar;C:\Program Files\Java\jdk1.8.0_221\jre\lib\ext\sunpkcs11.jar;C:\Program Files\Java\jdk1.8.0_221\jre\lib\ext\zipfs.jar;C:\Program Files\Java\jdk1.8.0_221\jre\lib\javaws.jar;C:\Program Files\Java\jdk1.8.0_221\jre\lib\jce.jar;C:\Program Files\Java\jdk1.8.0_221\jre\lib\jfr.jar;C:\Program Files\Java\jdk1.8.0_221\jre\lib\jfxswt.jar;C:\Program Files\Java\jdk1.8.0_221\jre\lib\jsse.jar;C:\Program Files\Java\jdk1.8.0_221\jre\lib\management-agent.jar;C:\Program Files\Java\jdk1.8.0_221\jre\lib\plugin.jar;C:\Program Files\Java\jdk1.8.0_221\jre\lib\resources.jar;C:\Program Files\Java\jdk1.8.0_221\jre\lib\rt.jar;C:\Users\mdeej\IdeaProjects\3DGameEngine\out\production\3DGameEngine;C:\Users\mdeej\IdeaProjects\Dependencies\Slick Util\lib\lwjgl.jar;C:\Users\mdeej\IdeaProjects\Dependencies\Slick Util\lib\slick-util.jar;C:\Users\mdeej\IdeaProjects\Dependencies\Slick Util\lib\lwjgl_util.jar;C:\Program Files\JetBrains\IntelliJ IDEA 2019.2.3\lib\idea_rt.jar
Launcher Type: SUN_STANDARD

Environment Variables:
JAVA_HOME=C:\Program Files\Java\jdk1.8.0_231;C:\Program Files\JetBrains\WebStorm 2019.2.3\jbr;
CLASSPATH=.;C:\Program Files (x86)\QuickTime\QTSystem\QTJava.zip
PATH=C:\Program Files (x86)\Common Files\Intel\Shared Libraries\redist\intel64\compiler;C:\Program Files (x86)\Common Files\Oracle\Java\javapath;C:\Program Files (x86)\Intel\iCLS Client\;C:\Program Files\Intel\iCLS Client\;C:\Windows\system32;C:\Windows;C:\Windows\System32\Wbem;C:\Windows\System32\WindowsPowerShell\v1.0\;C:\Program Files (x86)\NVIDIA Corporation\PhysX\Common;C:\Program Files (x86)\Intel\Intel(R) Management Engine Components\DAL;C:\Program Files\Intel\Intel(R) Management Engine Components\DAL;C:\Program Files (x86)\Intel\Intel(R) Management Engine Components\IPT;C:\Program Files\Intel\Intel(R) Management Engine Components\IPT;C:\Program Files\nodejs\;C:\Program Files\Java\jdk-10.0.2\bin;C:\Program Files\Java\jre-10.0.2\bin;C:\WINDOWS\system32;C:\WINDOWS;C:\WINDOWS\System32\Wbem;C:\WINDOWS\System32\WindowsPowerShell\v1.0\;C:\WINDOWS\System32\OpenSSH\;C:\Program Files\NVIDIA Corporation\NVIDIA NvDLISR;C:\Program Files (x86)\QuickTime\QTSystem\;C:\Program Files\ffmpeg-4.1.3-win64-static\bin;C:\Program;C:\WINDOWS\system32;C:\WINDOWS;C:\WINDOWS\System32\Wbem;C:\WINDOWS\System32\WindowsPowerShell\v1.0\;C:\WINDOWS\System32\OpenSSH\;C:\Program Files\dotnet\;C:\Program Files\Git\cmd;C:\Program Files\Java\jdk1.8.0_231\bin;C:\Users\mdeej\AppData\Local\Microsoft\WindowsApps;C:\Users\mdeej\AppData\Roaming\npm;C:\Program Files\ffmpeg-4.1.3-win64-static\bin\ffmpeg.exe;C:\Users\mdeej\AppData\Local\atom\bin;C:\Users\mdeej\AppData\Local\Microsoft\WindowsApps;C:\Users\mdeej\AppData\Local\GitHubDesktop\bin;C:\Users\mdeej\AppData\Local\Programs\Microsoft VS Code\bin
USERNAME=mdeej
OS=Windows_NT
PROCESSOR_IDENTIFIER=Intel64 Family 6 Model 158 Stepping 10, GenuineIntel



---------------  S Y S T E M  ---------------

OS: Windows 10.0 , 64 bit Build 18362 (10.0.18362.329)

CPU:total 12 (initial active 12) (6 cores per cpu, 2 threads per core) family 6 model 158 stepping 10, cmov, cx8, fxsr, mmx, sse, sse2, sse3, ssse3, sse4.1, sse4.2, popcnt, avx, avx2, aes, clmul, erms, rtm, 3dnowpref, lzcnt, ht, tsc, tscinvbit, bmi1, bmi2, adx

Memory: 4k page, physical 33487264k(17160632k free), swap 62712860k(3072k free)

vm_info: Java HotSpot(TM) 64-Bit Server VM (25.221-b11) for windows-amd64 JRE (1.8.0_221-b11), built on Jul  4 2019 04:39:29 by "java_re" with MS VC++ 10.0 (VS2010)

time: Sun Jan 05 18:09:03 2020
timezone: Eastern Standard Time
elapsed time: 15 seconds (0d 0h 0m 15s)

